[2025-10-20T18:37:19.369+0000] {taskinstance.py:1083} INFO - Dependencies all met for <TaskInstance: Airflow_Lab1_WineQuality.load_data manual__2025-10-20T18:37:17.609587+00:00 [queued]>
[2025-10-20T18:37:19.372+0000] {taskinstance.py:1083} INFO - Dependencies all met for <TaskInstance: Airflow_Lab1_WineQuality.load_data manual__2025-10-20T18:37:17.609587+00:00 [queued]>
[2025-10-20T18:37:19.372+0000] {taskinstance.py:1279} INFO - 
--------------------------------------------------------------------------------
[2025-10-20T18:37:19.372+0000] {taskinstance.py:1280} INFO - Starting attempt 1 of 2
[2025-10-20T18:37:19.372+0000] {taskinstance.py:1281} INFO - 
--------------------------------------------------------------------------------
[2025-10-20T18:37:19.376+0000] {taskinstance.py:1300} INFO - Executing <Task(PythonOperator): load_data> on 2025-10-20 18:37:17.609587+00:00
[2025-10-20T18:37:19.379+0000] {standard_task_runner.py:55} INFO - Started process 113 to run task
[2025-10-20T18:37:19.381+0000] {standard_task_runner.py:82} INFO - Running: ['***', 'tasks', 'run', 'Airflow_Lab1_WineQuality', 'load_data', 'manual__2025-10-20T18:37:17.609587+00:00', '--job-id', '55', '--raw', '--subdir', 'DAGS_FOLDER/***.py', '--cfg-path', '/tmp/tmpcuosvvik']
[2025-10-20T18:37:19.381+0000] {standard_task_runner.py:83} INFO - Job 55: Subtask load_data
[2025-10-20T18:37:19.403+0000] {task_command.py:388} INFO - Running <TaskInstance: Airflow_Lab1_WineQuality.load_data manual__2025-10-20T18:37:17.609587+00:00 [running]> on host 602ebfb3de05
[2025-10-20T18:37:19.432+0000] {taskinstance.py:1509} INFO - Exporting the following env vars:
AIRFLOW_CTX_DAG_OWNER=friend_name
AIRFLOW_CTX_DAG_ID=Airflow_Lab1_WineQuality
AIRFLOW_CTX_TASK_ID=load_data
AIRFLOW_CTX_EXECUTION_DATE=2025-10-20T18:37:17.609587+00:00
AIRFLOW_CTX_TRY_NUMBER=1
AIRFLOW_CTX_DAG_RUN_ID=manual__2025-10-20T18:37:17.609587+00:00
[2025-10-20T18:37:19.458+0000] {logging_mixin.py:137} INFO - ✅ Data Loaded & Saved: (4898, 12)
[2025-10-20T18:37:19.458+0000] {python.py:177} INFO - Done. Returned value was: None
[2025-10-20T18:37:19.462+0000] {taskinstance.py:1323} INFO - Marking task as SUCCESS. dag_id=Airflow_Lab1_WineQuality, task_id=load_data, execution_date=20251020T183717, start_date=20251020T183719, end_date=20251020T183719
[2025-10-20T18:37:19.478+0000] {local_task_job.py:208} INFO - Task exited with return code 0
[2025-10-20T18:37:19.490+0000] {taskinstance.py:2578} INFO - 1 downstream tasks scheduled from follow-on schedule check
