[2025-10-20T16:06:23.870+0000] {taskinstance.py:1083} INFO - Dependencies all met for <TaskInstance: Airflow_Lab1.build_save_model_task manual__2025-10-20T16:06:20.364726+00:00 [queued]>
[2025-10-20T16:06:23.874+0000] {taskinstance.py:1083} INFO - Dependencies all met for <TaskInstance: Airflow_Lab1.build_save_model_task manual__2025-10-20T16:06:20.364726+00:00 [queued]>
[2025-10-20T16:06:23.874+0000] {taskinstance.py:1279} INFO - 
--------------------------------------------------------------------------------
[2025-10-20T16:06:23.874+0000] {taskinstance.py:1280} INFO - Starting attempt 1 of 1
[2025-10-20T16:06:23.874+0000] {taskinstance.py:1281} INFO - 
--------------------------------------------------------------------------------
[2025-10-20T16:06:23.879+0000] {taskinstance.py:1300} INFO - Executing <Task(PythonOperator): build_save_model_task> on 2025-10-20 16:06:20.364726+00:00
[2025-10-20T16:06:23.882+0000] {standard_task_runner.py:55} INFO - Started process 257 to run task
[2025-10-20T16:06:23.883+0000] {standard_task_runner.py:82} INFO - Running: ['***', 'tasks', 'run', 'Airflow_Lab1', 'build_save_model_task', 'manual__2025-10-20T16:06:20.364726+00:00', '--job-id', '10', '--raw', '--subdir', 'DAGS_FOLDER/***.py', '--cfg-path', '/tmp/tmp67fzde2v']
[2025-10-20T16:06:23.884+0000] {standard_task_runner.py:83} INFO - Job 10: Subtask build_save_model_task
[2025-10-20T16:06:23.910+0000] {task_command.py:388} INFO - Running <TaskInstance: Airflow_Lab1.build_save_model_task manual__2025-10-20T16:06:20.364726+00:00 [running]> on host dcb9288b4a5e
[2025-10-20T16:06:23.948+0000] {taskinstance.py:1509} INFO - Exporting the following env vars:
AIRFLOW_CTX_DAG_OWNER=your_name
AIRFLOW_CTX_DAG_ID=Airflow_Lab1
AIRFLOW_CTX_TASK_ID=build_save_model_task
AIRFLOW_CTX_EXECUTION_DATE=2025-10-20T16:06:20.364726+00:00
AIRFLOW_CTX_TRY_NUMBER=1
AIRFLOW_CTX_DAG_RUN_ID=manual__2025-10-20T16:06:20.364726+00:00
[2025-10-20T16:07:10.629+0000] {python.py:177} INFO - Done. Returned value was: [250.32804209291433, 128.89457877623195, 91.6483397573814, 72.4692153244092, 59.861406959778556, 52.0620423750911, 46.71118654804302, 41.503264751671416, 36.9282370939197, 33.986075968719675, 31.158171667913756, 28.84548003205872, 26.8744322961113, 25.999512369945634, 24.185078072393754, 22.713950061729722, 21.64008732398112, 20.780304808225495, 19.976783465801393, 19.4386693402709, 19.06639931435457, 18.446853884604558, 17.947211161985983, 16.89880742487726, 16.963181977976234, 16.582840757316497, 15.835651544091542, 15.775551490572008, 15.385507317533198, 15.02024318040923, 14.882873240965235, 14.607686984302388, 14.306186090616873, 13.891614733454848, 13.80548577887123, 13.361866184299293, 13.367890857521076, 13.073601934790837, 12.981196891357621, 13.028578398100311, 12.867008418863987, 12.617297944046323, 12.382973425034512, 12.112634671228028, 11.836539142218328, 11.577385920665517, 11.128836068114499, 11.0628045451492, 11.158174940252104]
[2025-10-20T16:07:10.647+0000] {taskinstance.py:1323} INFO - Marking task as SUCCESS. dag_id=Airflow_Lab1, task_id=build_save_model_task, execution_date=20251020T160620, start_date=20251020T160623, end_date=20251020T160710
[2025-10-20T16:07:10.668+0000] {local_task_job.py:208} INFO - Task exited with return code 0
[2025-10-20T16:07:10.680+0000] {taskinstance.py:2578} INFO - 1 downstream tasks scheduled from follow-on schedule check
