[2025-10-20T18:37:19.994+0000] {taskinstance.py:1083} INFO - Dependencies all met for <TaskInstance: Airflow_Lab1_WineQuality.data_preprocessing manual__2025-10-20T18:37:17.609587+00:00 [queued]>
[2025-10-20T18:37:19.997+0000] {taskinstance.py:1083} INFO - Dependencies all met for <TaskInstance: Airflow_Lab1_WineQuality.data_preprocessing manual__2025-10-20T18:37:17.609587+00:00 [queued]>
[2025-10-20T18:37:19.998+0000] {taskinstance.py:1279} INFO - 
--------------------------------------------------------------------------------
[2025-10-20T18:37:19.998+0000] {taskinstance.py:1280} INFO - Starting attempt 1 of 2
[2025-10-20T18:37:19.998+0000] {taskinstance.py:1281} INFO - 
--------------------------------------------------------------------------------
[2025-10-20T18:37:20.003+0000] {taskinstance.py:1300} INFO - Executing <Task(PythonOperator): data_preprocessing> on 2025-10-20 18:37:17.609587+00:00
[2025-10-20T18:37:20.006+0000] {standard_task_runner.py:55} INFO - Started process 116 to run task
[2025-10-20T18:37:20.008+0000] {standard_task_runner.py:82} INFO - Running: ['***', 'tasks', 'run', 'Airflow_Lab1_WineQuality', 'data_preprocessing', 'manual__2025-10-20T18:37:17.609587+00:00', '--job-id', '56', '--raw', '--subdir', 'DAGS_FOLDER/***.py', '--cfg-path', '/tmp/tmp4uf6il5p']
[2025-10-20T18:37:20.009+0000] {standard_task_runner.py:83} INFO - Job 56: Subtask data_preprocessing
[2025-10-20T18:37:20.052+0000] {task_command.py:388} INFO - Running <TaskInstance: Airflow_Lab1_WineQuality.data_preprocessing manual__2025-10-20T18:37:17.609587+00:00 [running]> on host 602ebfb3de05
[2025-10-20T18:37:20.098+0000] {taskinstance.py:1509} INFO - Exporting the following env vars:
AIRFLOW_CTX_DAG_OWNER=friend_name
AIRFLOW_CTX_DAG_ID=Airflow_Lab1_WineQuality
AIRFLOW_CTX_TASK_ID=data_preprocessing
AIRFLOW_CTX_EXECUTION_DATE=2025-10-20T18:37:17.609587+00:00
AIRFLOW_CTX_TRY_NUMBER=1
AIRFLOW_CTX_DAG_RUN_ID=manual__2025-10-20T18:37:17.609587+00:00
[2025-10-20T18:37:20.142+0000] {logging_mixin.py:137} INFO - ✅ Data Scaled & Saved: (4898, 11)
[2025-10-20T18:37:20.142+0000] {python.py:177} INFO - Done. Returned value was: None
[2025-10-20T18:37:20.147+0000] {taskinstance.py:1323} INFO - Marking task as SUCCESS. dag_id=Airflow_Lab1_WineQuality, task_id=data_preprocessing, execution_date=20251020T183717, start_date=20251020T183719, end_date=20251020T183720
[2025-10-20T18:37:20.195+0000] {local_task_job.py:208} INFO - Task exited with return code 0
[2025-10-20T18:37:20.212+0000] {taskinstance.py:2578} INFO - 1 downstream tasks scheduled from follow-on schedule check
