[2025-10-20T18:37:21.867+0000] {taskinstance.py:1083} INFO - Dependencies all met for <TaskInstance: Airflow_Lab1_WineQuality.build_save_model manual__2025-10-20T18:37:17.609587+00:00 [queued]>
[2025-10-20T18:37:21.875+0000] {taskinstance.py:1083} INFO - Dependencies all met for <TaskInstance: Airflow_Lab1_WineQuality.build_save_model manual__2025-10-20T18:37:17.609587+00:00 [queued]>
[2025-10-20T18:37:21.875+0000] {taskinstance.py:1279} INFO - 
--------------------------------------------------------------------------------
[2025-10-20T18:37:21.876+0000] {taskinstance.py:1280} INFO - Starting attempt 1 of 2
[2025-10-20T18:37:21.876+0000] {taskinstance.py:1281} INFO - 
--------------------------------------------------------------------------------
[2025-10-20T18:37:21.884+0000] {taskinstance.py:1300} INFO - Executing <Task(PythonOperator): build_save_model> on 2025-10-20 18:37:17.609587+00:00
[2025-10-20T18:37:21.890+0000] {standard_task_runner.py:55} INFO - Started process 119 to run task
[2025-10-20T18:37:21.892+0000] {standard_task_runner.py:82} INFO - Running: ['***', 'tasks', 'run', 'Airflow_Lab1_WineQuality', 'build_save_model', 'manual__2025-10-20T18:37:17.609587+00:00', '--job-id', '57', '--raw', '--subdir', 'DAGS_FOLDER/***.py', '--cfg-path', '/tmp/tmpbje4pv0o']
[2025-10-20T18:37:21.893+0000] {standard_task_runner.py:83} INFO - Job 57: Subtask build_save_model
[2025-10-20T18:37:22.052+0000] {task_command.py:388} INFO - Running <TaskInstance: Airflow_Lab1_WineQuality.build_save_model manual__2025-10-20T18:37:17.609587+00:00 [running]> on host 602ebfb3de05
[2025-10-20T18:37:22.120+0000] {taskinstance.py:1509} INFO - Exporting the following env vars:
AIRFLOW_CTX_DAG_OWNER=friend_name
AIRFLOW_CTX_DAG_ID=Airflow_Lab1_WineQuality
AIRFLOW_CTX_TASK_ID=build_save_model
AIRFLOW_CTX_EXECUTION_DATE=2025-10-20T18:37:17.609587+00:00
AIRFLOW_CTX_TRY_NUMBER=1
AIRFLOW_CTX_DAG_RUN_ID=manual__2025-10-20T18:37:17.609587+00:00
[2025-10-20T18:37:22.476+0000] {logging_mixin.py:137} INFO - ✅ Model trained and saved at: /opt/***/dags/models/dbscan_model.pkl
[2025-10-20T18:37:22.476+0000] {python.py:177} INFO - Done. Returned value was: None
[2025-10-20T18:37:22.481+0000] {taskinstance.py:1323} INFO - Marking task as SUCCESS. dag_id=Airflow_Lab1_WineQuality, task_id=build_save_model, execution_date=20251020T183717, start_date=20251020T183721, end_date=20251020T183722
[2025-10-20T18:37:22.523+0000] {local_task_job.py:208} INFO - Task exited with return code 0
[2025-10-20T18:37:22.533+0000] {taskinstance.py:2578} INFO - 1 downstream tasks scheduled from follow-on schedule check
