[2025-10-20T18:37:23.783+0000] {taskinstance.py:1083} INFO - Dependencies all met for <TaskInstance: Airflow_Lab1_WineQuality.evaluate_model manual__2025-10-20T18:37:17.609587+00:00 [queued]>
[2025-10-20T18:37:23.786+0000] {taskinstance.py:1083} INFO - Dependencies all met for <TaskInstance: Airflow_Lab1_WineQuality.evaluate_model manual__2025-10-20T18:37:17.609587+00:00 [queued]>
[2025-10-20T18:37:23.786+0000] {taskinstance.py:1279} INFO - 
--------------------------------------------------------------------------------
[2025-10-20T18:37:23.786+0000] {taskinstance.py:1280} INFO - Starting attempt 1 of 2
[2025-10-20T18:37:23.786+0000] {taskinstance.py:1281} INFO - 
--------------------------------------------------------------------------------
[2025-10-20T18:37:23.791+0000] {taskinstance.py:1300} INFO - Executing <Task(PythonOperator): evaluate_model> on 2025-10-20 18:37:17.609587+00:00
[2025-10-20T18:37:23.793+0000] {standard_task_runner.py:55} INFO - Started process 122 to run task
[2025-10-20T18:37:23.795+0000] {standard_task_runner.py:82} INFO - Running: ['***', 'tasks', 'run', 'Airflow_Lab1_WineQuality', 'evaluate_model', 'manual__2025-10-20T18:37:17.609587+00:00', '--job-id', '58', '--raw', '--subdir', 'DAGS_FOLDER/***.py', '--cfg-path', '/tmp/tmpb74nn4oc']
[2025-10-20T18:37:23.795+0000] {standard_task_runner.py:83} INFO - Job 58: Subtask evaluate_model
[2025-10-20T18:37:23.815+0000] {task_command.py:388} INFO - Running <TaskInstance: Airflow_Lab1_WineQuality.evaluate_model manual__2025-10-20T18:37:17.609587+00:00 [running]> on host 602ebfb3de05
[2025-10-20T18:37:23.836+0000] {taskinstance.py:1509} INFO - Exporting the following env vars:
AIRFLOW_CTX_DAG_OWNER=friend_name
AIRFLOW_CTX_DAG_ID=Airflow_Lab1_WineQuality
AIRFLOW_CTX_TASK_ID=evaluate_model
AIRFLOW_CTX_EXECUTION_DATE=2025-10-20T18:37:17.609587+00:00
AIRFLOW_CTX_TRY_NUMBER=1
AIRFLOW_CTX_DAG_RUN_ID=manual__2025-10-20T18:37:17.609587+00:00
[2025-10-20T18:37:23.841+0000] {logging_mixin.py:137} INFO - ✅ Model Evaluation Complete. Silhouette Score: 0.0029324319248398988
[2025-10-20T18:37:23.841+0000] {python.py:177} INFO - Done. Returned value was: None
[2025-10-20T18:37:23.849+0000] {taskinstance.py:1323} INFO - Marking task as SUCCESS. dag_id=Airflow_Lab1_WineQuality, task_id=evaluate_model, execution_date=20251020T183717, start_date=20251020T183723, end_date=20251020T183723
[2025-10-20T18:37:23.892+0000] {local_task_job.py:208} INFO - Task exited with return code 0
[2025-10-20T18:37:23.899+0000] {taskinstance.py:2578} INFO - 0 downstream tasks scheduled from follow-on schedule check
